#
# There is insufficient memory for the Java Runtime Environment to continue.
# Native memory allocation (malloc) failed to allocate 32744 bytes for ChunkPool::allocate
# Possible reasons:
#   The system is out of physical RAM or swap space
#   In 32 bit mode, the process size limit was hit
# Possible solutions:
#   Reduce memory load on the system
#   Increase physical memory or swap space
#   Check if swap backing store is full
#   Use 64 bit Java on a 64 bit OS
#   Decrease Java heap size (-Xmx/-Xms)
#   Decrease number of Java threads
#   Decrease Java thread stack sizes (-Xss)
#   Set larger code cache with -XX:ReservedCodeCacheSize=
# This output file may be truncated or incomplete.
#
#  Out of Memory Error (allocation.cpp:273), pid=140, tid=0x0000000000001af8
#
# JRE version: Java(TM) SE Runtime Environment (8.0_121-b13) (build 1.8.0_121-b13)
# Java VM: Java HotSpot(TM) 64-Bit Server VM (25.121-b13 mixed mode windows-amd64 compressed oops)
# Failed to write core dump. Minidumps are not enabled by default on client versions of Windows
#

---------------  T H R E A D  ---------------

Current thread (0x0000000014820000):  JavaThread "C2 CompilerThread0" daemon [_thread_in_native, id=6904, stack(0x0000000015850000,0x0000000015950000)]

Stack: [0x0000000015850000,0x0000000015950000]
[error occurred during error reporting (printing stack bounds), id 0xc0000005]

Native frames: (J=compiled Java code, j=interpreted, Vv=VM code, C=native code)


Current CompileTask:
C2:  32592 3284       4      
[error occurred during error reporting (printing current compile task), id 0xe0000001]


---------------  P R O C E S S  ---------------

Java Threads: ( => current thread )
  0x0000000017403800 JavaThread "container-0" [_thread_blocked, id=6100, stack(0x000000001b840000,0x000000001b940000)]
  0x0000000017403000 JavaThread "ContainerBackgroundProcessor[StandardEngine[Tomcat]]" daemon [_thread_blocked, id=1784, stack(0x000000001b740000,0x000000001b840000)]
  0x0000000016cf5800 JavaThread "localhost-startStop-1" daemon [_thread_blocked, id=6868, stack(0x000000001b440000,0x000000001b540000)]
  0x0000000017154000 JavaThread "Tomcat-startStop-1" daemon [_thread_blocked, id=7080, stack(0x000000001b340000,0x000000001b440000)]
  0x000000001639a000 JavaThread "restartedMain" [_thread_in_vm, id=6332, stack(0x0000000017c00000,0x0000000017d00000)]
  0x000000001639b800 JavaThread "Thread-0" [_thread_blocked, id=4808, stack(0x0000000017b00000,0x0000000017c00000)]
  0x000000001487d800 JavaThread "Service Thread" daemon [_thread_blocked, id=4912, stack(0x0000000015a50000,0x0000000015b50000)]
  0x000000001487a800 JavaThread "C1 CompilerThread1" daemon [_thread_blocked, id=6992, stack(0x0000000015950000,0x0000000015a50000)]
=>0x0000000014820000 JavaThread "C2 CompilerThread0" daemon [_thread_in_native, id=6904, stack(0x0000000015850000,0x0000000015950000)]
  0x000000001481e800 JavaThread "Attach Listener" daemon [_thread_blocked, id=6860, stack(0x0000000015750000,0x0000000015850000)]
  0x000000001481b800 JavaThread "Signal Dispatcher" daemon [_thread_blocked, id=4628, stack(0x0000000015650000,0x0000000015750000)]
  0x0000000014808800 JavaThread "Finalizer" daemon [_thread_blocked, id=4684, stack(0x0000000015470000,0x0000000015570000)]
  0x0000000002381000 JavaThread "Reference Handler" daemon [_thread_blocked, id=5292, stack(0x0000000015370000,0x0000000015470000)]
  0x0000000002294000 JavaThread "main" [_thread_blocked, id=2092, stack(0x0000000001fa0000,0x00000000020a0000)]

Other Threads:
  0x00000000147e7000 VMThread [stack: 0x0000000015270000,0x0000000015370000] [id=4632]
  0x00000000148ae000 WatcherThread [stack: 0x0000000015b50000,0x0000000015c50000] [id=1364]

VM state:not at safepoint (normal execution)

VM Mutex/Monitor currently owned by a thread: None

Heap:
 PSYoungGen      total 73216K, used 28173K [0x00000000eab00000, 0x00000000f0a80000, 0x0000000100000000)
  eden space 61952K, 27% used [0x00000000eab00000,0x00000000ebb8b398,0x00000000ee780000)
  from space 11264K, 99% used [0x00000000eff80000,0x00000000f0a78248,0x00000000f0a80000)
  to   space 9728K, 0% used [0x00000000ee780000,0x00000000ee780000,0x00000000ef100000)
 ParOldGen       total 34816K, used 6796K [0x00000000c0000000, 0x00000000c2200000, 0x00000000eab00000)
  object space 34816K, 19% used [0x00000000c0000000,0x00000000c06a3368,0x00000000c2200000)
 Metaspace       used 32067K, capacity 33188K, committed 33456K, reserved 1079296K
  class space    used 4160K, capacity 4405K, committed 4528K, reserved 1048576K

Card table byte_map: [0x0000000011750000,0x0000000011960000] byte_map_base: 0x0000000011150000

Marking Bits: (ParMarkBitMap*) 0x000000005718b6d0
 Begin Bits: [0x0000000011cc0000, 0x0000000012cc0000)
 End Bits:   [0x0000000012cc0000, 0x0000000013cc0000)

Polling page: 0x0000000000410000

CodeCache: size=245760Kb used=10248Kb max_used=10296Kb free=235511Kb
 bounds [0x0000000002390000, 0x0000000002dc0000, 0x0000000011390000]
 total_blobs=3289 nmethods=2887 adapters=315
 compilation: enabled

Compilation events (10 events):
Event: 32.432 Thread 0x000000001487a800 nmethod 3279 0x0000000002d155d0 code [0x0000000002d15720, 0x0000000002d158d0]
Event: 32.433 Thread 0x000000001487a800 3280       3       com.sun.org.apache.xerces.internal.xni.QName::clear (21 bytes)
Event: 32.433 Thread 0x0000000014820000 3281       4       com.sun.org.apache.xerces.internal.utils.XMLLimitAnalyzer::getTotalValue (7 bytes)
Event: 32.433 Thread 0x000000001487a800 nmethod 3280 0x0000000002835c90 code [0x0000000002835de0, 0x0000000002835f90]
Event: 32.434 Thread 0x0000000014820000 nmethod 3281 0x00000000024a8710 code [0x00000000024a8840, 0x00000000024a88d8]
Event: 32.434 Thread 0x000000001487a800 3282       3       com.sun.org.apache.xerces.internal.xni.QName::<init> (9 bytes)
Event: 32.434 Thread 0x000000001487a800 nmethod 3282 0x00000000024dc7d0 code [0x00000000024dc940, 0x00000000024dcbb0]
Event: 32.506 Thread 0x000000001487a800 3283       3       com.sun.org.apache.xerces.internal.utils.XMLSecurityManager::isOverLimit (111 bytes)
Event: 32.507 Thread 0x000000001487a800 nmethod 3283 0x000000000254c710 code [0x000000000254c8e0, 0x000000000254d390]
Event: 32.507 Thread 0x0000000014820000 3284       4       java.net.URLClassLoader$1::run (5 bytes)

GC Heap History (10 events):
Event: 12.340 GC heap before
{Heap before GC invocations=5 (full 0):
 PSYoungGen      total 35328K, used 5357K [0x00000000eab00000, 0x00000000ef000000, 0x0000000100000000)
  eden space 32768K, 8% used [0x00000000eab00000,0x00000000eadc3548,0x00000000ecb00000)
  from space 2560K, 98% used [0x00000000ecd80000,0x00000000ecff8020,0x00000000ed000000)
  to   space 2560K, 0% used [0x00000000ecb00000,0x00000000ecb00000,0x00000000ecd80000)
 ParOldGen       total 44032K, used 11390K [0x00000000c0000000, 0x00000000c2b00000, 0x00000000eab00000)
  object space 44032K, 25% used [0x00000000c0000000,0x00000000c0b1f960,0x00000000c2b00000)
 Metaspace       used 20693K, capacity 21148K, committed 21296K, reserved 1069056K
  class space    used 2693K, capacity 2826K, committed 2864K, reserved 1048576K
Event: 12.618 GC heap after
Heap after GC invocations=5 (full 0):
 PSYoungGen      total 35328K, used 2544K [0x00000000eab00000, 0x00000000efd00000, 0x0000000100000000)
  eden space 32768K, 0% used [0x00000000eab00000,0x00000000eab00000,0x00000000ecb00000)
  from space 2560K, 99% used [0x00000000ecb00000,0x00000000ecd7c030,0x00000000ecd80000)
  to   space 9216K, 0% used [0x00000000ef400000,0x00000000ef400000,0x00000000efd00000)
 ParOldGen       total 44032K, used 11698K [0x00000000c0000000, 0x00000000c2b00000, 0x00000000eab00000)
  object space 44032K, 26% used [0x00000000c0000000,0x00000000c0b6ca10,0x00000000c2b00000)
 Metaspace       used 20693K, capacity 21148K, committed 21296K, reserved 1069056K
  class space    used 2693K, capacity 2826K, committed 2864K, reserved 1048576K
}
Event: 12.618 GC heap before
{Heap before GC invocations=6 (full 1):
 PSYoungGen      total 35328K, used 2544K [0x00000000eab00000, 0x00000000efd00000, 0x0000000100000000)
  eden space 32768K, 0% used [0x00000000eab00000,0x00000000eab00000,0x00000000ecb00000)
  from space 2560K, 99% used [0x00000000ecb00000,0x00000000ecd7c030,0x00000000ecd80000)
  to   space 9216K, 0% used [0x00000000ef400000,0x00000000ef400000,0x00000000efd00000)
 ParOldGen       total 44032K, used 11698K [0x00000000c0000000, 0x00000000c2b00000, 0x00000000eab00000)
  object space 44032K, 26% used [0x00000000c0000000,0x00000000c0b6ca10,0x00000000c2b00000)
 Metaspace       used 20693K, capacity 21148K, committed 21296K, reserved 1069056K
  class space    used 2693K, capacity 2826K, committed 2864K, reserved 1048576K
Event: 13.531 GC heap after
Heap after GC invocations=6 (full 1):
 PSYoungGen      total 35328K, used 0K [0x00000000eab00000, 0x00000000efd00000, 0x0000000100000000)
  eden space 32768K, 0% used [0x00000000eab00000,0x00000000eab00000,0x00000000ecb00000)
  from space 2560K, 0% used [0x00000000ecb00000,0x00000000ecb00000,0x00000000ecd80000)
  to   space 9216K, 0% used [0x00000000ef400000,0x00000000ef400000,0x00000000efd00000)
 ParOldGen       total 34816K, used 4521K [0x00000000c0000000, 0x00000000c2200000, 0x00000000eab00000)
  object space 34816K, 12% used [0x00000000c0000000,0x00000000c046a4f0,0x00000000c2200000)
 Metaspace       used 20693K, capacity 21148K, committed 21296K, reserved 1069056K
  class space    used 2693K, capacity 2826K, committed 2864K, reserved 1048576K
}
Event: 18.164 GC heap before
{Heap before GC invocations=7 (full 1):
 PSYoungGen      total 35328K, used 32768K [0x00000000eab00000, 0x00000000efd00000, 0x0000000100000000)
  eden space 32768K, 100% used [0x00000000eab00000,0x00000000ecb00000,0x00000000ecb00000)
  from space 2560K, 0% used [0x00000000ecb00000,0x00000000ecb00000,0x00000000ecd80000)
  to   space 9216K, 0% used [0x00000000ef400000,0x00000000ef400000,0x00000000efd00000)
 ParOldGen       total 34816K, used 4521K [0x00000000c0000000, 0x00000000c2200000, 0x00000000eab00000)
  object space 34816K, 12% used [0x00000000c0000000,0x00000000c046a4f0,0x00000000c2200000)
 Metaspace       used 23327K, capacity 23858K, committed 23984K, reserved 1071104K
  class space    used 3040K, capacity 3208K, committed 3248K, reserved 1048576K
Event: 18.375 GC heap after
Heap after GC invocations=7 (full 1):
 PSYoungGen      total 57344K, used 6378K [0x00000000eab00000, 0x00000000efa80000, 0x0000000100000000)
  eden space 50688K, 0% used [0x00000000eab00000,0x00000000eab00000,0x00000000edc80000)
  from space 6656K, 95% used [0x00000000ef400000,0x00000000efa3ab20,0x00000000efa80000)
  to   space 9728K, 0% used [0x00000000ee780000,0x00000000ee780000,0x00000000ef100000)
 ParOldGen       total 34816K, used 4529K [0x00000000c0000000, 0x00000000c2200000, 0x00000000eab00000)
  object space 34816K, 13% used [0x00000000c0000000,0x00000000c046c4f0,0x00000000c2200000)
 Metaspace       used 23327K, capacity 23858K, committed 23984K, reserved 1071104K
  class space    used 3040K, capacity 3208K, committed 3248K, reserved 1048576K
}
Event: 23.205 GC heap before
{Heap before GC invocations=8 (full 1):
 PSYoungGen      total 57344K, used 57066K [0x00000000eab00000, 0x00000000efa80000, 0x0000000100000000)
  eden space 50688K, 100% used [0x00000000eab00000,0x00000000edc80000,0x00000000edc80000)
  from space 6656K, 95% used [0x00000000ef400000,0x00000000efa3ab20,0x00000000efa80000)
  to   space 9728K, 0% used [0x00000000ee780000,0x00000000ee780000,0x00000000ef100000)
 ParOldGen       total 34816K, used 4529K [0x00000000c0000000, 0x00000000c2200000, 0x00000000eab00000)
  object space 34816K, 13% used [0x00000000c0000000,0x00000000c046c4f0,0x00000000c2200000)
 Metaspace       used 25984K, capacity 26612K, committed 26928K, reserved 1075200K
  class space    used 3390K, capacity 3554K, committed 3632K, reserved 1048576K
Event: 23.230 GC heap after
Heap after GC invocations=8 (full 1):
 PSYoungGen      total 71680K, used 9370K [0x00000000eab00000, 0x00000000f0a80000, 0x0000000100000000)
  eden space 61952K, 0% used [0x00000000eab00000,0x00000000eab00000,0x00000000ee780000)
  from space 9728K, 96% used [0x00000000ee780000,0x00000000ef0a6a48,0x00000000ef100000)
  to   space 11264K, 0% used [0x00000000eff80000,0x00000000eff80000,0x00000000f0a80000)
 ParOldGen       total 34816K, used 4537K [0x00000000c0000000, 0x00000000c2200000, 0x00000000eab00000)
  object space 34816K, 13% used [0x00000000c0000000,0x00000000c046e4f0,0x00000000c2200000)
 Metaspace       used 25984K, capacity 26612K, committed 26928K, reserved 1075200K
  class space    used 3390K, capacity 3554K, committed 3632K, reserved 1048576K
}
Event: 30.582 GC heap before
{Heap before GC invocations=9 (full 1):
 PSYoungGen      total 71680K, used 71322K [0x00000000eab00000, 0x00000000f0a80000, 0x0000000100000000)
  eden space 61952K, 100% used [0x00000000eab00000,0x00000000ee780000,0x00000000ee780000)
  from space 9728K, 96% used [0x00000000ee780000,0x00000000ef0a6a48,0x00000000ef100000)
  to   space 11264K, 0% used [0x00000000eff80000,0x00000000eff80000,0x00000000f0a80000)
 ParOldGen       total 34816K, used 4537K [0x00000000c0000000, 0x00000000c2200000, 0x00000000eab00000)
  object space 34816K, 13% used [0x00000000c0000000,0x00000000c046e4f0,0x00000000c2200000)
 Metaspace       used 30561K, capacity 31774K, committed 31920K, reserved 1079296K
  class space    used 3960K, capacity 4212K, committed 4272K, reserved 1048576K
Event: 30.766 GC heap after
Heap after GC invocations=9 (full 1):
 PSYoungGen      total 73216K, used 11232K [0x00000000eab00000, 0x00000000f0a80000, 0x0000000100000000)
  eden space 61952K, 0% used [0x00000000eab00000,0x00000000eab00000,0x00000000ee780000)
  from space 11264K, 99% used [0x00000000eff80000,0x00000000f0a78248,0x00000000f0a80000)
  to   space 9728K, 0% used [0x00000000ee780000,0x00000000ee780000,0x00000000ef100000)
 ParOldGen       total 34816K, used 6796K [0x00000000c0000000, 0x00000000c2200000, 0x00000000eab00000)
  object space 34816K, 19% used [0x00000000c0000000,0x00000000c06a3368,0x00000000c2200000)
 Metaspace       used 30561K, capacity 31774K, committed 31920K, reserved 1079296K
  class space    used 3960K, capacity 4212K, committed 4272K, reserved 1048576K
}

Deoptimization events (10 events):
Event: 29.983 Thread 0x0000000016cf5800 Uncommon trap: reason=unstable_if action=reinterpret pc=0x0000000002aa36f0 method=org.springframework.util.ConcurrentReferenceHashMap$Segment.findInChain(Lorg/springframework/util/ConcurrentReferenceHashMap$Reference;Ljava/lang/Object;I)Lorg/springframewo
Event: 29.983 Thread 0x0000000016cf5800 Uncommon trap: reason=unstable_if action=reinterpret pc=0x0000000002561588 method=org.springframework.util.ConcurrentReferenceHashMap$Segment.findInChain(Lorg/springframework/util/ConcurrentReferenceHashMap$Reference;Ljava/lang/Object;I)Lorg/springframewo
Event: 30.148 Thread 0x0000000016cf5800 Uncommon trap: reason=class_check action=maybe_recompile pc=0x00000000026bcd94 method=java.util.AbstractList$Itr.hasNext()Z @ 8
Event: 31.453 Thread 0x000000001639a000 Uncommon trap: reason=bimorphic action=maybe_recompile pc=0x0000000002984144 method=java.util.Hashtable.get(Ljava/lang/Object;)Ljava/lang/Object; @ 6
Event: 31.454 Thread 0x000000001639a000 Uncommon trap: reason=bimorphic action=maybe_recompile pc=0x0000000002984144 method=java.util.Hashtable.get(Ljava/lang/Object;)Ljava/lang/Object; @ 6
Event: 31.476 Thread 0x000000001639a000 Uncommon trap: reason=unloaded action=reinterpret pc=0x0000000002ab2494 method=java.lang.Class.createAnnotationData(I)Ljava/lang/Class$AnnotationData; @ 98
Event: 31.481 Thread 0x000000001639a000 Uncommon trap: reason=bimorphic action=maybe_recompile pc=0x0000000002c3b00c method=java.util.HashMap.putVal(ILjava/lang/Object;Ljava/lang/Object;ZZ)Ljava/lang/Object; @ 253
Event: 31.482 Thread 0x000000001639a000 Uncommon trap: reason=bimorphic action=maybe_recompile pc=0x0000000002c3b00c method=java.util.HashMap.putVal(ILjava/lang/Object;Ljava/lang/Object;ZZ)Ljava/lang/Object; @ 253
Event: 32.387 Thread 0x000000001639a000 Uncommon trap: reason=unstable_if action=reinterpret pc=0x00000000025382c8 method=com.sun.org.apache.xerces.internal.utils.XMLSecurityManager.isOverLimit(ILcom/sun/org/apache/xerces/internal/utils/XMLLimitAnalyzer;)Z @ 28
Event: 32.387 Thread 0x000000001639a000 Uncommon trap: reason=unstable_if action=reinterpret pc=0x0000000002986408 method=com.sun.org.apache.xerces.internal.impl.XMLEntityScanner.skipSpaces()Z @ 72

Internal exceptions (10 events):
Event: 31.466 Thread 0x000000001639a000 Exception <a 'java/lang/ClassNotFoundException': org/springframework/context/event/EventListenerFactoryCustomizer> (0x00000000eb383088) thrown at [C:\re\workspace\8-2-build-windows-amd64-cygwin\jdk8u121\8372\hotspot\src\share\vm\classfile\systemDictionary
Event: 31.467 Thread 0x000000001639a000 Exception <a 'java/lang/ClassNotFoundException': org/springframework/core/OrderedCustomizer> (0x00000000eb3935a8) thrown at [C:\re\workspace\8-2-build-windows-amd64-cygwin\jdk8u121\8372\hotspot\src\share\vm\classfile\systemDictionary.cpp, line 210]
Event: 31.469 Thread 0x000000001639a000 Exception <a 'java/lang/ClassNotFoundException': java/lang/ObjectCustomizer> (0x00000000eb39eb80) thrown at [C:\re\workspace\8-2-build-windows-amd64-cygwin\jdk8u121\8372\hotspot\src\share\vm\classfile\systemDictionary.cpp, line 210]
Event: 31.469 Thread 0x000000001639a000 Exception <a 'java/lang/ClassNotFoundException': com/company/enroller/AppCustomizer> (0x00000000eb3af5c8) thrown at [C:\re\workspace\8-2-build-windows-amd64-cygwin\jdk8u121\8372\hotspot\src\share\vm\classfile\systemDictionary.cpp, line 210]
Event: 31.470 Thread 0x000000001639a000 Exception <a 'java/lang/ClassNotFoundException': com/company/enroller/App$$EnhancerBySpringCGLIB$$7930743eCustomizer> (0x00000000eb3c4c88) thrown at [C:\re\workspace\8-2-build-windows-amd64-cygwin\jdk8u121\8372\hotspot\src\share\vm\classfile\systemDiction
Event: 31.475 Thread 0x000000001639a000 Exception <a 'java/lang/ClassNotFoundException': org/springframework/context/annotation/ConfigurationClassEnhancer$EnhancedConfigurationCustomizer> (0x00000000eb3e2c18) thrown at [C:\re\workspace\8-2-build-windows-amd64-cygwin\jdk8u121\8372\hotspot\src\sh
Event: 31.482 Thread 0x000000001639a000 Exception <a 'java/lang/ClassNotFoundException': java/lang/ObjectCustomizer> (0x00000000eb42eee8) thrown at [C:\re\workspace\8-2-build-windows-amd64-cygwin\jdk8u121\8372\hotspot\src\share\vm\classfile\systemDictionary.cpp, line 210]
Event: 31.483 Thread 0x000000001639a000 Exception <a 'java/lang/ClassNotFoundException': com/company/enroller/controllers/MeetingRestControllerCustomizer> (0x00000000eb4457c0) thrown at [C:\re\workspace\8-2-build-windows-amd64-cygwin\jdk8u121\8372\hotspot\src\share\vm\classfile\systemDictionary
Event: 31.484 Thread 0x000000001639a000 Implicit null exception at 0x000000000283b24c to 0x000000000283c3e4
Event: 31.484 Thread 0x000000001639a000 Exception <a 'java/lang/NullPointerException'> (0x00000000eb44d5e0) thrown at [C:\re\workspace\8-2-build-windows-amd64-cygwin\jdk8u121\8372\hotspot\src\share\vm\runtime\sharedRuntime.cpp, line 605]

Events (10 events):
Event: 32.499 loading class org/dom4j/tree/ConcurrentReaderHashMap$Entry
Event: 32.499 loading class org/dom4j/tree/ConcurrentReaderHashMap$Entry done
Event: 32.500 loading class org/dom4j/QName
Event: 32.500 loading class org/dom4j/QName done
Event: 32.501 loading class org/dom4j/tree/DefaultElement
Event: 32.501 loading class org/dom4j/tree/DefaultElement done
Event: 32.502 loading class org/dom4j/tree/AbstractElement
Event: 32.502 loading class org/dom4j/tree/AbstractElement done
Event: 32.507 loading class org/dom4j/tree/DefaultAttribute
Event: 32.507 loading class org/dom4j/tree/DefaultAttribute done


Dynamic libraries:
0x00007ff79a110000 - 0x00007ff79a147000 	C:\Program Files\Java\jre1.8.0_121\bin\javaw.exe
0x00007ff913a70000 - 0x00007ff913c31000 	C:\Windows\SYSTEM32\ntdll.dll
0x00007ff9123d0000 - 0x00007ff91247d000 	C:\Windows\system32\KERNEL32.DLL
0x00007ff910bf0000 - 0x00007ff910dd8000 	C:\Windows\system32\KERNELBASE.dll
0x00007ff9126e0000 - 0x00007ff912787000 	C:\Windows\system32\ADVAPI32.dll
0x00007ff912ce0000 - 0x00007ff912d7d000 	C:\Windows\system32\msvcrt.dll
0x00007ff912f50000 - 0x00007ff912fab000 	C:\Windows\system32\sechost.dll
0x00007ff912790000 - 0x00007ff9128ac000 	C:\Windows\system32\RPCRT4.dll
0x00007ff9134f0000 - 0x00007ff913646000 	C:\Windows\system32\USER32.dll
0x00007ff912480000 - 0x00007ff912606000 	C:\Windows\system32\GDI32.dll
0x00007ff904770000 - 0x00007ff9049e4000 	C:\Windows\WinSxS\amd64_microsoft.windows.common-controls_6595b64144ccf1df_6.0.10586.0_none_8c15ae12515e1c22\COMCTL32.dll
0x00007ff913120000 - 0x00007ff91339d000 	C:\Windows\system32\combase.dll
0x00007ff910de0000 - 0x00007ff910e4a000 	C:\Windows\system32\bcryptPrimitives.dll
0x00007ff9126a0000 - 0x00007ff9126db000 	C:\Windows\system32\IMM32.DLL
0x00007ff90ff90000 - 0x00007ff90ffb5000 	C:\Windows\system32\vmwsci.dll
0x00007ff913650000 - 0x00007ff913658000 	C:\Windows\system32\PSAPI.DLL
0x00000000583b0000 - 0x0000000058482000 	C:\Program Files\Java\jre1.8.0_121\bin\msvcr100.dll
0x0000000056970000 - 0x000000005720b000 	C:\Program Files\Java\jre1.8.0_121\bin\server\jvm.dll
0x00007ff906990000 - 0x00007ff906999000 	C:\Windows\SYSTEM32\WSOCK32.dll
0x00007ff912ee0000 - 0x00007ff912f4b000 	C:\Windows\system32\WS2_32.dll
0x00007ff90e590000 - 0x00007ff90e5b3000 	C:\Windows\SYSTEM32\WINMM.dll
0x00007ff90f3d0000 - 0x00007ff90f3da000 	C:\Windows\SYSTEM32\VERSION.dll
0x00007ff90e530000 - 0x00007ff90e55c000 	C:\Windows\SYSTEM32\WINMMBASE.dll
0x00007ff910a00000 - 0x00007ff910a43000 	C:\Windows\system32\cfgmgr32.dll
0x00000000583a0000 - 0x00000000583af000 	C:\Program Files\Java\jre1.8.0_121\bin\verify.dll
0x0000000058370000 - 0x0000000058399000 	C:\Program Files\Java\jre1.8.0_121\bin\java.dll
0x0000000058350000 - 0x0000000058366000 	C:\Program Files\Java\jre1.8.0_121\bin\zip.dll
0x00007ff910e70000 - 0x00007ff9123cc000 	C:\Windows\system32\SHELL32.dll
0x00007ff910120000 - 0x00007ff910765000 	C:\Windows\system32\windows.storage.dll
0x00007ff913010000 - 0x00007ff913062000 	C:\Windows\system32\shlwapi.dll
0x00007ff910110000 - 0x00007ff91011f000 	C:\Windows\system32\kernel.appcore.dll
0x00007ff910940000 - 0x00007ff9109f5000 	C:\Windows\system32\shcore.dll
0x00007ff9100a0000 - 0x00007ff9100eb000 	C:\Windows\system32\powrprof.dll
0x00007ff9100f0000 - 0x00007ff910104000 	C:\Windows\system32\profapi.dll
0x00000000582c0000 - 0x00000000582cd000 	C:\Program Files\Java\jre1.8.0_121\bin\management.dll
0x0000000058330000 - 0x000000005834a000 	C:\Program Files\Java\jre1.8.0_121\bin\net.dll
0x00007ff90f930000 - 0x00007ff90f98c000 	C:\Windows\system32\mswsock.dll
0x00007ff9099e0000 - 0x00007ff9099f6000 	C:\Windows\system32\napinsp.dll
0x00007ff909a70000 - 0x00007ff909a8a000 	C:\Windows\system32\pnrpnsp.dll
0x00007ff90d790000 - 0x00007ff90d7a8000 	C:\Windows\system32\NLAapi.dll
0x00007ff90e720000 - 0x00007ff90e7ca000 	C:\Windows\SYSTEM32\DNSAPI.dll
0x00007ff913820000 - 0x00007ff913828000 	C:\Windows\system32\NSI.dll
0x00007ff909ad0000 - 0x00007ff909add000 	C:\Windows\System32\winrnr.dll
0x00007ff909e90000 - 0x00007ff909e9a000 	C:\Windows\System32\rasadhlp.dll
0x00007ff90c8e0000 - 0x00007ff90c918000 	C:\Windows\SYSTEM32\IPHLPAPI.DLL
0x00007ff90bca0000 - 0x00007ff90bd07000 	C:\Windows\System32\fwpuclnt.dll
0x00007ff90ffc0000 - 0x00007ff90ffe9000 	C:\Windows\SYSTEM32\bcrypt.dll
0x0000000058310000 - 0x0000000058321000 	C:\Program Files\Java\jre1.8.0_121\bin\nio.dll
0x00007ff90f9e0000 - 0x00007ff90f9f7000 	C:\Windows\SYSTEM32\CRYPTSP.dll
0x00007ff90f670000 - 0x00007ff90f6a4000 	C:\Windows\system32\rsaenh.dll
0x00007ff90f7c0000 - 0x00007ff90f7df000 	C:\Windows\SYSTEM32\USERENV.dll
0x00007ff90fb00000 - 0x00007ff90fb0b000 	C:\Windows\SYSTEM32\CRYPTBASE.dll
0x00007ff90be80000 - 0x00007ff90be96000 	C:\Windows\SYSTEM32\dhcpcsvc6.DLL
0x00007ff90b310000 - 0x00007ff90b32a000 	C:\Windows\SYSTEM32\dhcpcsvc.DLL

VM Arguments:
jvm_args: -Dfile.encoding=UTF-8 
java_command: com.company.enroller.App
java_class_path (initial): C:\Users\Student16\Desktop\enroller-fullstack\target\classes;C:\Users\Student16\.m2\repository\org\springframework\boot\spring-boot-starter-web\2.0.0.RELEASE\spring-boot-starter-web-2.0.0.RELEASE.jar;C:\Users\Student16\.m2\repository\org\springframework\boot\spring-boot-starter\2.0.0.RELEASE\spring-boot-starter-2.0.0.RELEASE.jar;C:\Users\Student16\.m2\repository\org\springframework\boot\spring-boot-starter-logging\2.0.0.RELEASE\spring-boot-starter-logging-2.0.0.RELEASE.jar;C:\Users\Student16\.m2\repository\ch\qos\logback\logback-classic\1.2.3\logback-classic-1.2.3.jar;C:\Users\Student16\.m2\repository\ch\qos\logback\logback-core\1.2.3\logback-core-1.2.3.jar;C:\Users\Student16\.m2\repository\org\apache\logging\log4j\log4j-to-slf4j\2.10.0\log4j-to-slf4j-2.10.0.jar;C:\Users\Student16\.m2\repository\org\apache\logging\log4j\log4j-api\2.10.0\log4j-api-2.10.0.jar;C:\Users\Student16\.m2\repository\org\slf4j\jul-to-slf4j\1.7.25\jul-to-slf4j-1.7.25.jar;C:\Users\Student16\.m2\repository\javax\annotation\javax.annotation-api\1.3.2\javax.annotation-api-1.3.2.jar;C:\Users\Student16\.m2\repository\org\yaml\snakeyaml\1.19\snakeyaml-1.19.jar;C:\Users\Student16\.m2\repository\org\springframework\boot\spring-boot-starter-json\2.0.0.RELEASE\spring-boot-starter-json-2.0.0.RELEASE.jar;C:\Users\Student16\.m2\repository\com\fasterxml\jackson\core\jackson-databind\2.9.4\jackson-databind-2.9.4.jar;C:\Users\Student16\.m2\repository\com\fasterxml\jackson\core\jackson-annotations\2.9.0\jackson-annotations-2.9.0.jar;C:\Users\Student16\.m2\repository\com\fasterxml\jackson\core\jackson-core\2.9.4\jackson-core-2.9.4.jar;C:\Users\Student16\.m2\repository\com\fasterxml\jackson\datatype\jackson-datatype-jdk8\2.9.4\jackson-datatype-jdk8-2.9.4.jar;C:\Users\Student16\.m2\repository\com\fasterxml\jackson\datatype\jackson-datatype-jsr310\2.9.4\jackson-datatype-jsr310-2.9.4.jar;C:\Users\Student16\.m2\repository\com\fasterxml\jackson\module\jackson-module-parameter-names\2.9.4\j
Launcher Type: SUN_STANDARD

Environment Variables:
JAVA_HOME=C:\Program Files\Java\jre-9.0.1
PATH=C:/Program Files/Java/jre1.8.0_121/bin/server;C:/Program Files/Java/jre1.8.0_121/bin;C:/Program Files/Java/jre1.8.0_121/lib/amd64;C:\Program Files\Python37\Scripts\;C:\Program Files\Python37\;C:\Windows;C:\Windows\system32;C:\Windows\System32\Wbem;C:\Windows\System32\WindowsPowerShell\v1.0\;C:\ProgramData\Oracle\Java\javapath;C:\xampp\php;C:\ProgramData\ComposerSetup\bin;C:\Program Files (x86)\Yarn\bin;C:\xampp\mysql\bin;C:\Program Files\PostgreSQL\10\bin;C:\apache-maven\bin;C:\gradle\bin;C:\Program Files\Java\jdk-9.0.1\bin;C:\Program Files\Java\jre-9.0.1\bin;C:\Program Files\Git\cmd;C:\Program Files\Git\mingw64\bin;C:\Program Files\Git\usr\bin;C:\Program Files\Microsoft VS Code\bin;C:\Program Files\Common Files\ThinPrint\;C:\npm;C:\Program Files\nodejs\;C:\eclipse\eclipse-java-2019-03-R-win32-x86_64\eclipse;
USERNAME=Student16
OS=Windows_NT
PROCESSOR_IDENTIFIER=Intel64 Family 6 Model 44 Stepping 2, GenuineIntel



---------------  S Y S T E M  ---------------

OS: Windows 10.0 , 64 bit Build 10586 (10.0.10586.0)

CPU:total 2 (1 cores per cpu, 1 threads per core) family 6 model 44 stepping 2, cmov, cx8, fxsr, mmx, sse, sse2, sse3, ssse3, sse4.1, sse4.2, popcnt, aes, clmul, tsc, tscinvbit, tscinv

Memory: 4k page, physical 4193844k(720692k free), swap 4717836k(5264k free)

vm_info: Java HotSpot(TM) 64-Bit Server VM (25.121-b13) for windows-amd64 JRE (1.8.0_121-b13), built on Dec 12 2016 18:21:36 by "java_re" with MS VC++ 10.0 (VS2010)

time: Sun Apr 28 11:23:00 2019
elapsed time: 32 seconds (0d 0h 0m 32s)

