#
# There is insufficient memory for the Java Runtime Environment to continue.
# Native memory allocation (malloc) failed to allocate 62736 bytes for Chunk::new
# Possible reasons:
#   The system is out of physical RAM or swap space
#   In 32 bit mode, the process size limit was hit
# Possible solutions:
#   Reduce memory load on the system
#   Increase physical memory or swap space
#   Check if swap backing store is full
#   Use 64 bit Java on a 64 bit OS
#   Decrease Java heap size (-Xmx/-Xms)
#   Decrease number of Java threads
#   Decrease Java thread stack sizes (-Xss)
#   Set larger code cache with -XX:ReservedCodeCacheSize=
# This output file may be truncated or incomplete.
#
#  Out of Memory Error (allocation.cpp:390), pid=4812, tid=0x0000000000001a34
#
# JRE version: Java(TM) SE Runtime Environment (8.0_121-b13) (build 1.8.0_121-b13)
# Java VM: Java HotSpot(TM) 64-Bit Server VM (25.121-b13 mixed mode windows-amd64 compressed oops)
# Failed to write core dump. Minidumps are not enabled by default on client versions of Windows
#

---------------  T H R E A D  ---------------

Current thread (0x0000000014660000):  JavaThread "C2 CompilerThread0" daemon [_thread_in_native, id=6708, stack(0x0000000015690000,0x0000000015790000)]

Stack: [0x0000000015690000,0x0000000015790000]
[error occurred during error reporting (printing stack bounds), id 0xc0000005]

Native frames: (J=compiled Java code, j=interpreted, Vv=VM code, C=native code)


Current CompileTask:
C2:   3544  448       4       jdk.internal.org.objectweb.asm.ByteVector::putUTF8 (142 bytes)


---------------  P R O C E S S  ---------------

Java Threads: ( => current thread )
  0x00000000146be000 JavaThread "Service Thread" daemon [_thread_blocked, id=4360, stack(0x0000000015890000,0x0000000015990000)]
  0x00000000146ba800 JavaThread "C1 CompilerThread1" daemon [_thread_blocked, id=3760, stack(0x0000000015790000,0x0000000015890000)]
=>0x0000000014660000 JavaThread "C2 CompilerThread0" daemon [_thread_in_native, id=6708, stack(0x0000000015690000,0x0000000015790000)]
  0x000000001465e800 JavaThread "Attach Listener" daemon [_thread_blocked, id=7012, stack(0x0000000015590000,0x0000000015690000)]
  0x000000001465b800 JavaThread "Signal Dispatcher" daemon [_thread_blocked, id=5260, stack(0x0000000015490000,0x0000000015590000)]
  0x0000000014648800 JavaThread "Finalizer" daemon [_thread_blocked, id=6784, stack(0x00000000152b0000,0x00000000153b0000)]
  0x00000000021c1000 JavaThread "Reference Handler" daemon [_thread_blocked, id=7096, stack(0x00000000151b0000,0x00000000152b0000)]
  0x00000000020d4000 JavaThread "main" [_thread_in_vm, id=7108, stack(0x0000000001e20000,0x0000000001f20000)]

Other Threads:
  0x0000000014627000 VMThread [stack: 0x00000000150b0000,0x00000000151b0000] [id=6488]
  0x00000000146e6800 WatcherThread [stack: 0x0000000015990000,0x0000000015a90000] [id=5000]

VM state:not at safepoint (normal execution)

VM Mutex/Monitor currently owned by a thread: None

Heap:
 PSYoungGen      total 18944K, used 8748K [0x00000000eab00000, 0x00000000ec000000, 0x0000000100000000)
  eden space 16384K, 53% used [0x00000000eab00000,0x00000000eb38b0f8,0x00000000ebb00000)
  from space 2560K, 0% used [0x00000000ebd80000,0x00000000ebd80000,0x00000000ec000000)
  to   space 2560K, 0% used [0x00000000ebb00000,0x00000000ebb00000,0x00000000ebd80000)
 ParOldGen       total 44032K, used 0K [0x00000000c0000000, 0x00000000c2b00000, 0x00000000eab00000)
  object space 44032K, 0% used [0x00000000c0000000,0x00000000c0000000,0x00000000c2b00000)
 Metaspace       used 5987K, capacity 6122K, committed 6400K, reserved 1056768K
  class space    used 700K, capacity 739K, committed 768K, reserved 1048576K

Card table byte_map: [0x0000000011590000,0x00000000117a0000] byte_map_base: 0x0000000010f90000

Marking Bits: (ParMarkBitMap*) 0x000000005718b6d0
 Begin Bits: [0x0000000011b00000, 0x0000000012b00000)
 End Bits:   [0x0000000012b00000, 0x0000000013b00000)

Polling page: 0x0000000001e00000

CodeCache: size=245760Kb used=2114Kb max_used=2114Kb free=243645Kb
 bounds [0x00000000021d0000, 0x0000000002440000, 0x00000000111d0000]
 total_blobs=733 nmethods=447 adapters=200
 compilation: enabled

Compilation events (10 events):
Event: 3.533 Thread 0x00000000146ba800 nmethod 440 0x00000000023dbe50 code [0x00000000023dbfe0, 0x00000000023dc648]
Event: 3.535 Thread 0x00000000146ba800  442       3       java.lang.invoke.MemberName::initResolved (53 bytes)
Event: 3.535 Thread 0x00000000146ba800 nmethod 442 0x00000000023dcad0 code [0x00000000023dcc20, 0x00000000023dcdf0]
Event: 3.535 Thread 0x00000000146ba800  444       1       java.lang.invoke.MethodTypeForm::erasedType (5 bytes)
Event: 3.535 Thread 0x00000000146ba800 nmethod 444 0x00000000023dd210 code [0x00000000023dd360, 0x00000000023dd470]
Event: 3.535 Thread 0x00000000146ba800  446       3       jdk.internal.org.objectweb.asm.ByteVector::<init> (13 bytes)
Event: 3.535 Thread 0x00000000146ba800 nmethod 446 0x00000000023dd650 code [0x00000000023dd7c0, 0x00000000023dda10]
Event: 3.536 Thread 0x00000000146ba800  447       3       java.lang.invoke.InvokerBytecodeGenerator::isStaticallyNameable (116 bytes)
Event: 3.538 Thread 0x00000000146ba800 nmethod 447 0x00000000023ddad0 code [0x00000000023dde20, 0x00000000023dfdd8]
Event: 3.538 Thread 0x0000000014660000  448       4       jdk.internal.org.objectweb.asm.ByteVector::putUTF8 (142 bytes)

GC Heap History (0 events):
No events

Deoptimization events (0 events):
No events

Internal exceptions (8 events):
Event: 0.291 Thread 0x00000000020d4000 Exception <a 'java/lang/NoSuchMethodError': Method sun.misc.Unsafe.defineClass(Ljava/lang/String;[BII)Ljava/lang/Class; name or signature does not match> (0x00000000eab07ca8) thrown at [C:\re\workspace\8-2-build-windows-amd64-cygwin\jdk8u121\8372\hotspot\
Event: 0.291 Thread 0x00000000020d4000 Exception <a 'java/lang/NoSuchMethodError': Method sun.misc.Unsafe.prefetchRead(Ljava/lang/Object;J)V name or signature does not match> (0x00000000eab07f90) thrown at [C:\re\workspace\8-2-build-windows-amd64-cygwin\jdk8u121\8372\hotspot\src\share\vm\prims
Event: 1.866 Thread 0x00000000020d4000 Exception <a 'java/security/PrivilegedActionException'> (0x00000000eae92f60) thrown at [C:\re\workspace\8-2-build-windows-amd64-cygwin\jdk8u121\8372\hotspot\src\share\vm\prims\jvm.cpp, line 1390]
Event: 1.866 Thread 0x00000000020d4000 Exception <a 'java/security/PrivilegedActionException'> (0x00000000eae93358) thrown at [C:\re\workspace\8-2-build-windows-amd64-cygwin\jdk8u121\8372\hotspot\src\share\vm\prims\jvm.cpp, line 1390]
Event: 1.867 Thread 0x00000000020d4000 Exception <a 'java/security/PrivilegedActionException'> (0x00000000eae971b0) thrown at [C:\re\workspace\8-2-build-windows-amd64-cygwin\jdk8u121\8372\hotspot\src\share\vm\prims\jvm.cpp, line 1390]
Event: 1.867 Thread 0x00000000020d4000 Exception <a 'java/security/PrivilegedActionException'> (0x00000000eae975a8) thrown at [C:\re\workspace\8-2-build-windows-amd64-cygwin\jdk8u121\8372\hotspot\src\share\vm\prims\jvm.cpp, line 1390]
Event: 2.549 Thread 0x00000000020d4000 Exception <a 'java/io/FileNotFoundException'> (0x00000000eb13d008) thrown at [C:\re\workspace\8-2-build-windows-amd64-cygwin\jdk8u121\8372\hotspot\src\share\vm\prims\jni.cpp, line 709]
Event: 3.534 Thread 0x00000000020d4000 Exception <a 'java/lang/NoSuchFieldError': method resolution failed> (0x00000000eb34a128) thrown at [C:\re\workspace\8-2-build-windows-amd64-cygwin\jdk8u121\8372\hotspot\src\share\vm\prims\methodHandles.cpp, line 1146]

Events (10 events):
Event: 3.307 loading class java/lang/invoke/MethodHandleImpl$AsVarargsCollector
Event: 3.307 loading class java/lang/invoke/DelegatingMethodHandle
Event: 3.307 loading class java/lang/invoke/DelegatingMethodHandle done
Event: 3.307 loading class java/lang/invoke/MethodHandleImpl$AsVarargsCollector done
Event: 3.307 loading class java/lang/invoke/WrongMethodTypeException
Event: 3.307 loading class java/lang/invoke/WrongMethodTypeException done
Event: 3.310 loading class java/lang/invoke/MethodHandleImpl$Lazy
Event: 3.310 loading class java/lang/invoke/MethodHandleImpl$Lazy done
Event: 3.311 loading class java/lang/invoke/MethodHandleImpl$IntrinsicMethodHandle
Event: 3.311 loading class java/lang/invoke/MethodHandleImpl$IntrinsicMethodHandle done


Dynamic libraries:
0x00007ff79a110000 - 0x00007ff79a147000 	C:\Program Files\Java\jre1.8.0_121\bin\javaw.exe
0x00007ff913a70000 - 0x00007ff913c31000 	C:\Windows\SYSTEM32\ntdll.dll
0x00007ff9123d0000 - 0x00007ff91247d000 	C:\Windows\system32\KERNEL32.DLL
0x00007ff910bf0000 - 0x00007ff910dd8000 	C:\Windows\system32\KERNELBASE.dll
0x00007ff9126e0000 - 0x00007ff912787000 	C:\Windows\system32\ADVAPI32.dll
0x00007ff912ce0000 - 0x00007ff912d7d000 	C:\Windows\system32\msvcrt.dll
0x00007ff912f50000 - 0x00007ff912fab000 	C:\Windows\system32\sechost.dll
0x00007ff912790000 - 0x00007ff9128ac000 	C:\Windows\system32\RPCRT4.dll
0x00007ff9134f0000 - 0x00007ff913646000 	C:\Windows\system32\USER32.dll
0x00007ff912480000 - 0x00007ff912606000 	C:\Windows\system32\GDI32.dll
0x00007ff904770000 - 0x00007ff9049e4000 	C:\Windows\WinSxS\amd64_microsoft.windows.common-controls_6595b64144ccf1df_6.0.10586.0_none_8c15ae12515e1c22\COMCTL32.dll
0x00007ff913120000 - 0x00007ff91339d000 	C:\Windows\system32\combase.dll
0x00007ff910de0000 - 0x00007ff910e4a000 	C:\Windows\system32\bcryptPrimitives.dll
0x00007ff9126a0000 - 0x00007ff9126db000 	C:\Windows\system32\IMM32.DLL
0x00007ff90ff90000 - 0x00007ff90ffb5000 	C:\Windows\system32\vmwsci.dll
0x00007ff913650000 - 0x00007ff913658000 	C:\Windows\system32\PSAPI.DLL
0x00000000583b0000 - 0x0000000058482000 	C:\Program Files\Java\jre1.8.0_121\bin\msvcr100.dll
0x0000000056970000 - 0x000000005720b000 	C:\Program Files\Java\jre1.8.0_121\bin\server\jvm.dll
0x00007ff906990000 - 0x00007ff906999000 	C:\Windows\SYSTEM32\WSOCK32.dll
0x00007ff912ee0000 - 0x00007ff912f4b000 	C:\Windows\system32\WS2_32.dll
0x00007ff90e590000 - 0x00007ff90e5b3000 	C:\Windows\SYSTEM32\WINMM.dll
0x00007ff90f3d0000 - 0x00007ff90f3da000 	C:\Windows\SYSTEM32\VERSION.dll
0x00007ff90e530000 - 0x00007ff90e55c000 	C:\Windows\SYSTEM32\WINMMBASE.dll
0x00007ff910a00000 - 0x00007ff910a43000 	C:\Windows\system32\cfgmgr32.dll
0x00000000583a0000 - 0x00000000583af000 	C:\Program Files\Java\jre1.8.0_121\bin\verify.dll
0x0000000058370000 - 0x0000000058399000 	C:\Program Files\Java\jre1.8.0_121\bin\java.dll
0x0000000058350000 - 0x0000000058366000 	C:\Program Files\Java\jre1.8.0_121\bin\zip.dll
0x00007ff910e70000 - 0x00007ff9123cc000 	C:\Windows\system32\SHELL32.dll
0x00007ff910120000 - 0x00007ff910765000 	C:\Windows\system32\windows.storage.dll
0x00007ff913010000 - 0x00007ff913062000 	C:\Windows\system32\shlwapi.dll
0x00007ff910110000 - 0x00007ff91011f000 	C:\Windows\system32\kernel.appcore.dll
0x00007ff910940000 - 0x00007ff9109f5000 	C:\Windows\system32\shcore.dll
0x00007ff9100a0000 - 0x00007ff9100eb000 	C:\Windows\system32\powrprof.dll
0x00007ff9100f0000 - 0x00007ff910104000 	C:\Windows\system32\profapi.dll

VM Arguments:
jvm_args: -Dfile.encoding=UTF-8 
java_command: com.company.enroller.App
java_class_path (initial): C:\Users\Student16\Desktop\enroller-fullstack\target\classes;C:\Users\Student16\.m2\repository\org\springframework\boot\spring-boot-starter-web\2.0.0.RELEASE\spring-boot-starter-web-2.0.0.RELEASE.jar;C:\Users\Student16\.m2\repository\org\springframework\boot\spring-boot-starter\2.0.0.RELEASE\spring-boot-starter-2.0.0.RELEASE.jar;C:\Users\Student16\.m2\repository\org\springframework\boot\spring-boot-starter-logging\2.0.0.RELEASE\spring-boot-starter-logging-2.0.0.RELEASE.jar;C:\Users\Student16\.m2\repository\ch\qos\logback\logback-classic\1.2.3\logback-classic-1.2.3.jar;C:\Users\Student16\.m2\repository\ch\qos\logback\logback-core\1.2.3\logback-core-1.2.3.jar;C:\Users\Student16\.m2\repository\org\apache\logging\log4j\log4j-to-slf4j\2.10.0\log4j-to-slf4j-2.10.0.jar;C:\Users\Student16\.m2\repository\org\apache\logging\log4j\log4j-api\2.10.0\log4j-api-2.10.0.jar;C:\Users\Student16\.m2\repository\org\slf4j\jul-to-slf4j\1.7.25\jul-to-slf4j-1.7.25.jar;C:\Users\Student16\.m2\repository\javax\annotation\javax.annotation-api\1.3.2\javax.annotation-api-1.3.2.jar;C:\Users\Student16\.m2\repository\org\yaml\snakeyaml\1.19\snakeyaml-1.19.jar;C:\Users\Student16\.m2\repository\org\springframework\boot\spring-boot-starter-json\2.0.0.RELEASE\spring-boot-starter-json-2.0.0.RELEASE.jar;C:\Users\Student16\.m2\repository\com\fasterxml\jackson\core\jackson-databind\2.9.4\jackson-databind-2.9.4.jar;C:\Users\Student16\.m2\repository\com\fasterxml\jackson\core\jackson-annotations\2.9.0\jackson-annotations-2.9.0.jar;C:\Users\Student16\.m2\repository\com\fasterxml\jackson\core\jackson-core\2.9.4\jackson-core-2.9.4.jar;C:\Users\Student16\.m2\repository\com\fasterxml\jackson\datatype\jackson-datatype-jdk8\2.9.4\jackson-datatype-jdk8-2.9.4.jar;C:\Users\Student16\.m2\repository\com\fasterxml\jackson\datatype\jackson-datatype-jsr310\2.9.4\jackson-datatype-jsr310-2.9.4.jar;C:\Users\Student16\.m2\repository\com\fasterxml\jackson\module\jackson-module-parameter-names\2.9.4\j
Launcher Type: SUN_STANDARD

Environment Variables:
JAVA_HOME=C:\Program Files\Java\jre-9.0.1
PATH=C:/Program Files/Java/jre1.8.0_121/bin/server;C:/Program Files/Java/jre1.8.0_121/bin;C:/Program Files/Java/jre1.8.0_121/lib/amd64;C:\Program Files\Python37\Scripts\;C:\Program Files\Python37\;C:\Windows;C:\Windows\system32;C:\Windows\System32\Wbem;C:\Windows\System32\WindowsPowerShell\v1.0\;C:\ProgramData\Oracle\Java\javapath;C:\xampp\php;C:\ProgramData\ComposerSetup\bin;C:\Program Files (x86)\Yarn\bin;C:\xampp\mysql\bin;C:\Program Files\PostgreSQL\10\bin;C:\apache-maven\bin;C:\gradle\bin;C:\Program Files\Java\jdk-9.0.1\bin;C:\Program Files\Java\jre-9.0.1\bin;C:\Program Files\Git\cmd;C:\Program Files\Git\mingw64\bin;C:\Program Files\Git\usr\bin;C:\Program Files\Microsoft VS Code\bin;C:\Program Files\Common Files\ThinPrint\;C:\npm;C:\Program Files\nodejs\;C:\eclipse\eclipse-java-2019-03-R-win32-x86_64\eclipse;
USERNAME=Student16
OS=Windows_NT
PROCESSOR_IDENTIFIER=Intel64 Family 6 Model 44 Stepping 2, GenuineIntel



---------------  S Y S T E M  ---------------

OS: Windows 10.0 , 64 bit Build 10586 (10.0.10586.0)

CPU:total 2 (1 cores per cpu, 1 threads per core) family 6 model 44 stepping 2, cmov, cx8, fxsr, mmx, sse, sse2, sse3, ssse3, sse4.1, sse4.2, popcnt, aes, clmul, tsc, tscinvbit, tscinv

Memory: 4k page, physical 4193844k(1025024k free), swap 4717836k(5356k free)

vm_info: Java HotSpot(TM) 64-Bit Server VM (25.121-b13) for windows-amd64 JRE (1.8.0_121-b13), built on Dec 12 2016 18:21:36 by "java_re" with MS VC++ 10.0 (VS2010)

time: Sun Apr 28 11:22:31 2019
elapsed time: 3 seconds (0d 0h 0m 3s)

