#
# There is insufficient memory for the Java Runtime Environment to continue.
# Native memory allocation (malloc) failed to allocate 32744 bytes for ChunkPool::allocate
# Possible reasons:
#   The system is out of physical RAM or swap space
#   In 32 bit mode, the process size limit was hit
# Possible solutions:
#   Reduce memory load on the system
#   Increase physical memory or swap space
#   Check if swap backing store is full
#   Use 64 bit Java on a 64 bit OS
#   Decrease Java heap size (-Xmx/-Xms)
#   Decrease number of Java threads
#   Decrease Java thread stack sizes (-Xss)
#   Set larger code cache with -XX:ReservedCodeCacheSize=
# This output file may be truncated or incomplete.
#
#  Out of Memory Error (allocation.cpp:273), pid=5972, tid=0x000000000000136c
#
# JRE version: Java(TM) SE Runtime Environment (8.0_121-b13) (build 1.8.0_121-b13)
# Java VM: Java HotSpot(TM) 64-Bit Server VM (25.121-b13 mixed mode windows-amd64 compressed oops)
# Failed to write core dump. Minidumps are not enabled by default on client versions of Windows
#

---------------  T H R E A D  ---------------

Current thread (0x0000000014720000):  JavaThread "C2 CompilerThread0" daemon [_thread_in_native, id=4972, stack(0x0000000015670000,0x0000000015770000)]

Stack: [0x0000000015670000,0x0000000015770000]
[error occurred during error reporting (printing stack bounds), id 0xc0000005]

Native frames: (J=compiled Java code, j=interpreted, Vv=VM code, C=native code)


Current CompileTask:
C2:  32180 3295   !   4       java.net.URLClassLoader$1::run (63 bytes)


---------------  P R O C E S S  ---------------

Java Threads: ( => current thread )
  0x0000000015f2b000 JavaThread "container-0" [_thread_blocked, id=3696, stack(0x000000001a530000,0x000000001a630000)]
  0x0000000019812000 JavaThread "ContainerBackgroundProcessor[StandardEngine[Tomcat]]" daemon [_thread_blocked, id=7064, stack(0x000000001a430000,0x000000001a530000)]
  0x0000000015e12800 JavaThread "localhost-startStop-1" daemon [_thread_blocked, id=6284, stack(0x000000001a330000,0x000000001a430000)]
  0x0000000017586000 JavaThread "Tomcat-startStop-1" daemon [_thread_blocked, id=3736, stack(0x000000001a230000,0x000000001a330000)]
  0x00000000161f8800 JavaThread "restartedMain" [_thread_in_Java, id=192, stack(0x0000000016850000,0x0000000016950000)]
  0x00000000161f7800 JavaThread "Thread-0" [_thread_blocked, id=92, stack(0x0000000016750000,0x0000000016850000)]
  0x000000001477d800 JavaThread "Service Thread" daemon [_thread_blocked, id=3756, stack(0x0000000015870000,0x0000000015970000)]
  0x000000001477a800 JavaThread "C1 CompilerThread1" daemon [_thread_blocked, id=1960, stack(0x0000000015770000,0x0000000015870000)]
=>0x0000000014720000 JavaThread "C2 CompilerThread0" daemon [_thread_in_native, id=4972, stack(0x0000000015670000,0x0000000015770000)]
  0x000000001471e800 JavaThread "Attach Listener" daemon [_thread_blocked, id=6500, stack(0x0000000015570000,0x0000000015670000)]
  0x000000001471b800 JavaThread "Signal Dispatcher" daemon [_thread_blocked, id=6468, stack(0x0000000015470000,0x0000000015570000)]
  0x0000000014708800 JavaThread "Finalizer" daemon [_thread_blocked, id=6964, stack(0x0000000015350000,0x0000000015450000)]
  0x0000000002281000 JavaThread "Reference Handler" daemon [_thread_blocked, id=4160, stack(0x0000000015250000,0x0000000015350000)]
  0x0000000002194000 JavaThread "main" [_thread_blocked, id=1360, stack(0x0000000001f90000,0x0000000002090000)]

Other Threads:
  0x00000000146e7000 VMThread [stack: 0x0000000015150000,0x0000000015250000] [id=4660]
  0x00000000147ae800 WatcherThread [stack: 0x0000000015970000,0x0000000015a70000] [id=6948]

VM state:not at safepoint (normal execution)

VM Mutex/Monitor currently owned by a thread: None

Heap:
 PSYoungGen      total 72704K, used 15308K [0x00000000eab00000, 0x00000000f0400000, 0x0000000100000000)
  eden space 63488K, 10% used [0x00000000eab00000,0x00000000eb15da10,0x00000000ee900000)
  from space 9216K, 95% used [0x00000000efb00000,0x00000000f03956d0,0x00000000f0400000)
  to   space 7168K, 0% used [0x00000000ee900000,0x00000000ee900000,0x00000000ef000000)
 ParOldGen       total 32768K, used 15240K [0x00000000c0000000, 0x00000000c2000000, 0x00000000eab00000)
  object space 32768K, 46% used [0x00000000c0000000,0x00000000c0ee2060,0x00000000c2000000)
 Metaspace       used 31974K, capacity 33128K, committed 33456K, reserved 1079296K
  class space    used 4150K, capacity 4405K, committed 4528K, reserved 1048576K

Card table byte_map: [0x0000000011650000,0x0000000011860000] byte_map_base: 0x0000000011050000

Marking Bits: (ParMarkBitMap*) 0x000000005718b6d0
 Begin Bits: [0x0000000011bc0000, 0x0000000012bc0000)
 End Bits:   [0x0000000012bc0000, 0x0000000013bc0000)

Polling page: 0x00000000004d0000

CodeCache: size=245760Kb used=10448Kb max_used=10505Kb free=235311Kb
 bounds [0x0000000002290000, 0x0000000002cf0000, 0x0000000011290000]
 total_blobs=3310 nmethods=2908 adapters=315
 compilation: enabled

Compilation events (10 events):
Event: 32.081 Thread 0x000000001477a800 3300       3       com.sun.org.apache.xerces.internal.util.SymbolTable::addSymbol (110 bytes)
Event: 32.082 Thread 0x000000001477a800 nmethod 3300 0x000000000243d710 code [0x000000000243d8c0, 0x000000000243dd58]
Event: 32.082 Thread 0x000000001477a800 3301       3       com.sun.org.apache.xerces.internal.impl.XMLDTDScannerImpl::skipSeparator (148 bytes)
Event: 32.083 Thread 0x000000001477a800 nmethod 3301 0x0000000002b654d0 code [0x0000000002b65720, 0x0000000002b66348]
Event: 32.083 Thread 0x000000001477a800 3302       3       com.sun.org.apache.xerces.internal.impl.XMLDTDScannerImpl::scanningInternalSubset (13 bytes)
Event: 32.083 Thread 0x000000001477a800 nmethod 3302 0x00000000023df710 code [0x00000000023df860, 0x00000000023dfa10]
Event: 32.084 Thread 0x000000001477a800 3303       3       com.sun.org.apache.xerces.internal.xni.QName::clear (21 bytes)
Event: 32.084 Thread 0x000000001477a800 nmethod 3303 0x0000000002b61ad0 code [0x0000000002b61c20, 0x0000000002b61dd0]
Event: 32.085 Thread 0x000000001477a800 3304       3       com.sun.org.apache.xerces.internal.xni.QName::<init> (9 bytes)
Event: 32.085 Thread 0x000000001477a800 nmethod 3304 0x00000000025c42d0 code [0x00000000025c4440, 0x00000000025c46b0]

GC Heap History (10 events):
Event: 11.158 GC heap before
{Heap before GC invocations=7 (full 0):
 PSYoungGen      total 38400K, used 14690K [0x00000000eab00000, 0x00000000ed800000, 0x0000000100000000)
  eden space 32256K, 28% used [0x00000000eab00000,0x00000000eb3dfa60,0x00000000eca80000)
  from space 6144K, 91% used [0x00000000ed100000,0x00000000ed679028,0x00000000ed700000)
  to   space 6656K, 0% used [0x00000000eca80000,0x00000000eca80000,0x00000000ed100000)
 ParOldGen       total 44032K, used 8375K [0x00000000c0000000, 0x00000000c2b00000, 0x00000000eab00000)
  object space 44032K, 19% used [0x00000000c0000000,0x00000000c082dd68,0x00000000c2b00000)
 Metaspace       used 20721K, capacity 21172K, committed 21296K, reserved 1067008K
  class space    used 2678K, capacity 2830K, committed 2864K, reserved 1048576K
Event: 11.416 GC heap after
Heap after GC invocations=7 (full 0):
 PSYoungGen      total 38912K, used 2999K [0x00000000eab00000, 0x00000000ef700000, 0x0000000100000000)
  eden space 32256K, 0% used [0x00000000eab00000,0x00000000eab00000,0x00000000eca80000)
  from space 6656K, 45% used [0x00000000eca80000,0x00000000ecd6dc60,0x00000000ed100000)
  to   space 6656K, 0% used [0x00000000ef080000,0x00000000ef080000,0x00000000ef700000)
 ParOldGen       total 44032K, used 9407K [0x00000000c0000000, 0x00000000c2b00000, 0x00000000eab00000)
  object space 44032K, 21% used [0x00000000c0000000,0x00000000c092fe20,0x00000000c2b00000)
 Metaspace       used 20721K, capacity 21172K, committed 21296K, reserved 1067008K
  class space    used 2678K, capacity 2830K, committed 2864K, reserved 1048576K
}
Event: 11.416 GC heap before
{Heap before GC invocations=8 (full 1):
 PSYoungGen      total 38912K, used 2999K [0x00000000eab00000, 0x00000000ef700000, 0x0000000100000000)
  eden space 32256K, 0% used [0x00000000eab00000,0x00000000eab00000,0x00000000eca80000)
  from space 6656K, 45% used [0x00000000eca80000,0x00000000ecd6dc60,0x00000000ed100000)
  to   space 6656K, 0% used [0x00000000ef080000,0x00000000ef080000,0x00000000ef700000)
 ParOldGen       total 44032K, used 9407K [0x00000000c0000000, 0x00000000c2b00000, 0x00000000eab00000)
  object space 44032K, 21% used [0x00000000c0000000,0x00000000c092fe20,0x00000000c2b00000)
 Metaspace       used 20721K, capacity 21172K, committed 21296K, reserved 1067008K
  class space    used 2678K, capacity 2830K, committed 2864K, reserved 1048576K
Event: 11.953 GC heap after
Heap after GC invocations=8 (full 1):
 PSYoungGen      total 38912K, used 0K [0x00000000eab00000, 0x00000000ef700000, 0x0000000100000000)
  eden space 32256K, 0% used [0x00000000eab00000,0x00000000eab00000,0x00000000eca80000)
  from space 6656K, 0% used [0x00000000eca80000,0x00000000eca80000,0x00000000ed100000)
  to   space 6656K, 0% used [0x00000000ef080000,0x00000000ef080000,0x00000000ef700000)
 ParOldGen       total 32768K, used 7459K [0x00000000c0000000, 0x00000000c2000000, 0x00000000eab00000)
  object space 32768K, 22% used [0x00000000c0000000,0x00000000c0748ec8,0x00000000c2000000)
 Metaspace       used 20721K, capacity 21172K, committed 21296K, reserved 1067008K
  class space    used 2678K, capacity 2830K, committed 2864K, reserved 1048576K
}
Event: 16.914 GC heap before
{Heap before GC invocations=9 (full 1):
 PSYoungGen      total 38912K, used 32248K [0x00000000eab00000, 0x00000000ef700000, 0x0000000100000000)
  eden space 32256K, 99% used [0x00000000eab00000,0x00000000eca7e190,0x00000000eca80000)
  from space 6656K, 0% used [0x00000000eca80000,0x00000000eca80000,0x00000000ed100000)
  to   space 6656K, 0% used [0x00000000ef080000,0x00000000ef080000,0x00000000ef700000)
 ParOldGen       total 32768K, used 7459K [0x00000000c0000000, 0x00000000c2000000, 0x00000000eab00000)
  object space 32768K, 22% used [0x00000000c0000000,0x00000000c0748ec8,0x00000000c2000000)
 Metaspace       used 23431K, capacity 23986K, committed 24240K, reserved 1071104K
  class space    used 3047K, capacity 3208K, committed 3248K, reserved 1048576K
Event: 17.111 GC heap after
Heap after GC invocations=9 (full 1):
 PSYoungGen      total 59904K, used 6485K [0x00000000eab00000, 0x00000000ef700000, 0x0000000100000000)
  eden space 53248K, 0% used [0x00000000eab00000,0x00000000eab00000,0x00000000edf00000)
  from space 6656K, 97% used [0x00000000ef080000,0x00000000ef6d57f0,0x00000000ef700000)
  to   space 7168K, 0% used [0x00000000ee900000,0x00000000ee900000,0x00000000ef000000)
 ParOldGen       total 32768K, used 7467K [0x00000000c0000000, 0x00000000c2000000, 0x00000000eab00000)
  object space 32768K, 22% used [0x00000000c0000000,0x00000000c074aec8,0x00000000c2000000)
 Metaspace       used 23431K, capacity 23986K, committed 24240K, reserved 1071104K
  class space    used 3047K, capacity 3208K, committed 3248K, reserved 1048576K
}
Event: 22.459 GC heap before
{Heap before GC invocations=10 (full 1):
 PSYoungGen      total 59904K, used 59733K [0x00000000eab00000, 0x00000000ef700000, 0x0000000100000000)
  eden space 53248K, 100% used [0x00000000eab00000,0x00000000edf00000,0x00000000edf00000)
  from space 6656K, 97% used [0x00000000ef080000,0x00000000ef6d57f0,0x00000000ef700000)
  to   space 7168K, 0% used [0x00000000ee900000,0x00000000ee900000,0x00000000ef000000)
 ParOldGen       total 32768K, used 7467K [0x00000000c0000000, 0x00000000c2000000, 0x00000000eab00000)
  object space 32768K, 22% used [0x00000000c0000000,0x00000000c074aec8,0x00000000c2000000)
 Metaspace       used 26359K, capacity 27156K, committed 27312K, reserved 1073152K
  class space    used 3433K, capacity 3637K, committed 3760K, reserved 1048576K
Event: 22.574 GC heap after
Heap after GC invocations=10 (full 1):
 PSYoungGen      total 70656K, used 7165K [0x00000000eab00000, 0x00000000f0400000, 0x0000000100000000)
  eden space 63488K, 0% used [0x00000000eab00000,0x00000000eab00000,0x00000000ee900000)
  from space 7168K, 99% used [0x00000000ee900000,0x00000000eefff620,0x00000000ef000000)
  to   space 9216K, 0% used [0x00000000efb00000,0x00000000efb00000,0x00000000f0400000)
 ParOldGen       total 32768K, used 10080K [0x00000000c0000000, 0x00000000c2000000, 0x00000000eab00000)
  object space 32768K, 30% used [0x00000000c0000000,0x00000000c09d8138,0x00000000c2000000)
 Metaspace       used 26359K, capacity 27156K, committed 27312K, reserved 1073152K
  class space    used 3433K, capacity 3637K, committed 3760K, reserved 1048576K
}
Event: 31.099 GC heap before
{Heap before GC invocations=11 (full 1):
 PSYoungGen      total 70656K, used 70653K [0x00000000eab00000, 0x00000000f0400000, 0x0000000100000000)
  eden space 63488K, 100% used [0x00000000eab00000,0x00000000ee900000,0x00000000ee900000)
  from space 7168K, 99% used [0x00000000ee900000,0x00000000eefff620,0x00000000ef000000)
  to   space 9216K, 0% used [0x00000000efb00000,0x00000000efb00000,0x00000000f0400000)
 ParOldGen       total 32768K, used 10080K [0x00000000c0000000, 0x00000000c2000000, 0x00000000eab00000)
  object space 32768K, 30% used [0x00000000c0000000,0x00000000c09d8138,0x00000000c2000000)
 Metaspace       used 30969K, capacity 32136K, committed 32432K, reserved 1077248K
  class space    used 4004K, capacity 4245K, committed 4272K, reserved 1048576K
Event: 31.129 GC heap after
Heap after GC invocations=11 (full 1):
 PSYoungGen      total 72704K, used 8789K [0x00000000eab00000, 0x00000000f0400000, 0x0000000100000000)
  eden space 63488K, 0% used [0x00000000eab00000,0x00000000eab00000,0x00000000ee900000)
  from space 9216K, 95% used [0x00000000efb00000,0x00000000f03956d0,0x00000000f0400000)
  to   space 7168K, 0% used [0x00000000ee900000,0x00000000ee900000,0x00000000ef000000)
 ParOldGen       total 32768K, used 15240K [0x00000000c0000000, 0x00000000c2000000, 0x00000000eab00000)
  object space 32768K, 46% used [0x00000000c0000000,0x00000000c0ee2060,0x00000000c2000000)
 Metaspace       used 30969K, capacity 32136K, committed 32432K, reserved 1077248K
  class space    used 4004K, capacity 4245K, committed 4272K, reserved 1048576K
}

Deoptimization events (10 events):
Event: 29.717 Thread 0x0000000015e12800 Uncommon trap: reason=unstable_if action=reinterpret pc=0x00000000023b7ef0 method=org.springframework.util.ConcurrentReferenceHashMap$Segment.findInChain(Lorg/springframework/util/ConcurrentReferenceHashMap$Reference;Ljava/lang/Object;I)Lorg/springframewo
Event: 29.717 Thread 0x0000000015e12800 Uncommon trap: reason=unstable_if action=reinterpret pc=0x00000000023a6a88 method=org.springframework.util.ConcurrentReferenceHashMap$Segment.findInChain(Lorg/springframework/util/ConcurrentReferenceHashMap$Reference;Ljava/lang/Object;I)Lorg/springframewo
Event: 29.872 Thread 0x0000000015e12800 Uncommon trap: reason=class_check action=maybe_recompile pc=0x00000000024a7994 method=java.util.AbstractList$Itr.hasNext()Z @ 8
Event: 31.064 Thread 0x00000000161f8800 Uncommon trap: reason=bimorphic action=maybe_recompile pc=0x0000000002c8f108 method=java.util.Hashtable.get(Ljava/lang/Object;)Ljava/lang/Object; @ 6
Event: 31.064 Thread 0x00000000161f8800 Uncommon trap: reason=bimorphic action=maybe_recompile pc=0x0000000002c8f108 method=java.util.Hashtable.get(Ljava/lang/Object;)Ljava/lang/Object; @ 6
Event: 31.083 Thread 0x00000000161f8800 Uncommon trap: reason=unloaded action=reinterpret pc=0x0000000002419d94 method=java.lang.Class.createAnnotationData(I)Ljava/lang/Class$AnnotationData; @ 98
Event: 32.078 Thread 0x00000000161f8800 Uncommon trap: reason=unstable_if action=reinterpret pc=0x0000000002910220 method=com.sun.org.apache.xerces.internal.utils.XMLSecurityManager.isOverLimit(ILcom/sun/org/apache/xerces/internal/utils/XMLLimitAnalyzer;)Z @ 28
Event: 32.078 Thread 0x00000000161f8800 Uncommon trap: reason=unstable_if action=reinterpret pc=0x0000000002916244 method=com.sun.org.apache.xerces.internal.impl.XMLEntityScanner.skipSpaces()Z @ 72
Event: 32.081 Thread 0x00000000161f8800 Uncommon trap: reason=unstable_if action=reinterpret pc=0x0000000002913248 method=com.sun.org.apache.xerces.internal.util.SymbolTable.addSymbol([CII)Ljava/lang/String; @ 64
Event: 32.084 Thread 0x00000000161f8800 Uncommon trap: reason=unstable_if action=reinterpret pc=0x0000000002926344 method=com.sun.org.apache.xerces.internal.util.SymbolTable.addSymbol([CII)Ljava/lang/String; @ 64

Internal exceptions (10 events):
Event: 31.078 Thread 0x00000000161f8800 Exception <a 'java/lang/ClassNotFoundException': org/springframework/context/event/EventListenerFactoryCustomizer> (0x00000000ee7cedb0) thrown at [C:\re\workspace\8-2-build-windows-amd64-cygwin\jdk8u121\8372\hotspot\src\share\vm\classfile\systemDictionary
Event: 31.078 Thread 0x00000000161f8800 Exception <a 'java/lang/ClassNotFoundException': org/springframework/core/OrderedCustomizer> (0x00000000ee7df2d0) thrown at [C:\re\workspace\8-2-build-windows-amd64-cygwin\jdk8u121\8372\hotspot\src\share\vm\classfile\systemDictionary.cpp, line 210]
Event: 31.080 Thread 0x00000000161f8800 Exception <a 'java/lang/ClassNotFoundException': java/lang/ObjectCustomizer> (0x00000000ee7ea8e8) thrown at [C:\re\workspace\8-2-build-windows-amd64-cygwin\jdk8u121\8372\hotspot\src\share\vm\classfile\systemDictionary.cpp, line 210]
Event: 31.081 Thread 0x00000000161f8800 Exception <a 'java/lang/ClassNotFoundException': com/company/enroller/AppCustomizer> (0x00000000ee7fb330) thrown at [C:\re\workspace\8-2-build-windows-amd64-cygwin\jdk8u121\8372\hotspot\src\share\vm\classfile\systemDictionary.cpp, line 210]
Event: 31.082 Thread 0x00000000161f8800 Exception <a 'java/lang/ClassNotFoundException': com/company/enroller/App$$EnhancerBySpringCGLIB$$1439b0cfCustomizer> (0x00000000ee810a20) thrown at [C:\re\workspace\8-2-build-windows-amd64-cygwin\jdk8u121\8372\hotspot\src\share\vm\classfile\systemDiction
Event: 31.082 Thread 0x00000000161f8800 Exception <a 'java/lang/ClassNotFoundException': org/springframework/context/annotation/ConfigurationClassEnhancer$EnhancedConfigurationCustomizer> (0x00000000ee82e9b0) thrown at [C:\re\workspace\8-2-build-windows-amd64-cygwin\jdk8u121\8372\hotspot\src\sh
Event: 31.089 Thread 0x00000000161f8800 Exception <a 'java/lang/ClassNotFoundException': java/lang/ObjectCustomizer> (0x00000000ee87ad00) thrown at [C:\re\workspace\8-2-build-windows-amd64-cygwin\jdk8u121\8372\hotspot\src\share\vm\classfile\systemDictionary.cpp, line 210]
Event: 31.090 Thread 0x00000000161f8800 Exception <a 'java/lang/ClassNotFoundException': com/company/enroller/controllers/MeetingRestControllerCustomizer> (0x00000000ee891580) thrown at [C:\re\workspace\8-2-build-windows-amd64-cygwin\jdk8u121\8372\hotspot\src\share\vm\classfile\systemDictionary
Event: 31.091 Thread 0x00000000161f8800 Implicit null exception at 0x000000000272bd8c to 0x000000000272cf24
Event: 31.091 Thread 0x00000000161f8800 Exception <a 'java/lang/NullPointerException'> (0x00000000ee8993a0) thrown at [C:\re\workspace\8-2-build-windows-amd64-cygwin\jdk8u121\8372\hotspot\src\share\vm\runtime\sharedRuntime.cpp, line 605]

Events (10 events):
Event: 32.084 Thread 0x00000000161f8800 Uncommon trap: trap_request=0xffffff65 fr.pc=0x0000000002926344
Event: 32.084 Thread 0x00000000161f8800 DEOPT PACKING pc=0x0000000002926344 sp=0x000000001694bad0
Event: 32.084 Thread 0x00000000161f8800 DEOPT UNPACKING pc=0x00000000022d582a sp=0x000000001694ba20 mode 2
Event: 32.085 Thread 0x000000001477a800 flushing nmethod 0x0000000002736890
Event: 32.085 loading class org/dom4j/Namespace
Event: 32.085 loading class org/dom4j/Namespace done
Event: 32.086 loading class org/dom4j/tree/NamespaceCache
Event: 32.086 loading class org/dom4j/tree/NamespaceCache done
Event: 32.087 loading class org/dom4j/tree/ConcurrentReaderHashMap
Event: 32.087 loading class org/dom4j/tree/ConcurrentReaderHashMap done


Dynamic libraries:
0x00007ff79a110000 - 0x00007ff79a147000 	C:\Program Files\Java\jre1.8.0_121\bin\javaw.exe
0x00007ff913a70000 - 0x00007ff913c31000 	C:\Windows\SYSTEM32\ntdll.dll
0x00007ff9123d0000 - 0x00007ff91247d000 	C:\Windows\system32\KERNEL32.DLL
0x00007ff910bf0000 - 0x00007ff910dd8000 	C:\Windows\system32\KERNELBASE.dll
0x00007ff9126e0000 - 0x00007ff912787000 	C:\Windows\system32\ADVAPI32.dll
0x00007ff912ce0000 - 0x00007ff912d7d000 	C:\Windows\system32\msvcrt.dll
0x00007ff912f50000 - 0x00007ff912fab000 	C:\Windows\system32\sechost.dll
0x00007ff912790000 - 0x00007ff9128ac000 	C:\Windows\system32\RPCRT4.dll
0x00007ff9134f0000 - 0x00007ff913646000 	C:\Windows\system32\USER32.dll
0x00007ff912480000 - 0x00007ff912606000 	C:\Windows\system32\GDI32.dll
0x00007ff904770000 - 0x00007ff9049e4000 	C:\Windows\WinSxS\amd64_microsoft.windows.common-controls_6595b64144ccf1df_6.0.10586.0_none_8c15ae12515e1c22\COMCTL32.dll
0x00007ff913120000 - 0x00007ff91339d000 	C:\Windows\system32\combase.dll
0x00007ff910de0000 - 0x00007ff910e4a000 	C:\Windows\system32\bcryptPrimitives.dll
0x00007ff9126a0000 - 0x00007ff9126db000 	C:\Windows\system32\IMM32.DLL
0x00007ff90ff90000 - 0x00007ff90ffb5000 	C:\Windows\system32\vmwsci.dll
0x00007ff913650000 - 0x00007ff913658000 	C:\Windows\system32\PSAPI.DLL
0x00000000583b0000 - 0x0000000058482000 	C:\Program Files\Java\jre1.8.0_121\bin\msvcr100.dll
0x0000000056970000 - 0x000000005720b000 	C:\Program Files\Java\jre1.8.0_121\bin\server\jvm.dll
0x00007ff906990000 - 0x00007ff906999000 	C:\Windows\SYSTEM32\WSOCK32.dll
0x00007ff912ee0000 - 0x00007ff912f4b000 	C:\Windows\system32\WS2_32.dll
0x00007ff90e590000 - 0x00007ff90e5b3000 	C:\Windows\SYSTEM32\WINMM.dll
0x00007ff90f3d0000 - 0x00007ff90f3da000 	C:\Windows\SYSTEM32\VERSION.dll
0x00007ff90e530000 - 0x00007ff90e55c000 	C:\Windows\SYSTEM32\WINMMBASE.dll
0x00007ff910a00000 - 0x00007ff910a43000 	C:\Windows\system32\cfgmgr32.dll
0x00000000583a0000 - 0x00000000583af000 	C:\Program Files\Java\jre1.8.0_121\bin\verify.dll
0x0000000058370000 - 0x0000000058399000 	C:\Program Files\Java\jre1.8.0_121\bin\java.dll
0x0000000058350000 - 0x0000000058366000 	C:\Program Files\Java\jre1.8.0_121\bin\zip.dll
0x00007ff910e70000 - 0x00007ff9123cc000 	C:\Windows\system32\SHELL32.dll
0x00007ff910120000 - 0x00007ff910765000 	C:\Windows\system32\windows.storage.dll
0x00007ff913010000 - 0x00007ff913062000 	C:\Windows\system32\shlwapi.dll
0x00007ff910110000 - 0x00007ff91011f000 	C:\Windows\system32\kernel.appcore.dll
0x00007ff910940000 - 0x00007ff9109f5000 	C:\Windows\system32\shcore.dll
0x00007ff9100a0000 - 0x00007ff9100eb000 	C:\Windows\system32\powrprof.dll
0x00007ff9100f0000 - 0x00007ff910104000 	C:\Windows\system32\profapi.dll
0x00000000582c0000 - 0x00000000582cd000 	C:\Program Files\Java\jre1.8.0_121\bin\management.dll
0x0000000058330000 - 0x000000005834a000 	C:\Program Files\Java\jre1.8.0_121\bin\net.dll
0x00007ff90f930000 - 0x00007ff90f98c000 	C:\Windows\system32\mswsock.dll
0x00007ff9099e0000 - 0x00007ff9099f6000 	C:\Windows\system32\napinsp.dll
0x00007ff909a70000 - 0x00007ff909a8a000 	C:\Windows\system32\pnrpnsp.dll
0x00007ff90d790000 - 0x00007ff90d7a8000 	C:\Windows\system32\NLAapi.dll
0x00007ff90e720000 - 0x00007ff90e7ca000 	C:\Windows\SYSTEM32\DNSAPI.dll
0x00007ff913820000 - 0x00007ff913828000 	C:\Windows\system32\NSI.dll
0x00007ff909ad0000 - 0x00007ff909add000 	C:\Windows\System32\winrnr.dll
0x00007ff909e90000 - 0x00007ff909e9a000 	C:\Windows\System32\rasadhlp.dll
0x00007ff90c8e0000 - 0x00007ff90c918000 	C:\Windows\SYSTEM32\IPHLPAPI.DLL
0x00007ff90bca0000 - 0x00007ff90bd07000 	C:\Windows\System32\fwpuclnt.dll
0x00007ff90ffc0000 - 0x00007ff90ffe9000 	C:\Windows\SYSTEM32\bcrypt.dll
0x0000000058310000 - 0x0000000058321000 	C:\Program Files\Java\jre1.8.0_121\bin\nio.dll
0x00007ff90f9e0000 - 0x00007ff90f9f7000 	C:\Windows\SYSTEM32\CRYPTSP.dll
0x00007ff90f670000 - 0x00007ff90f6a4000 	C:\Windows\system32\rsaenh.dll
0x00007ff90f7c0000 - 0x00007ff90f7df000 	C:\Windows\SYSTEM32\USERENV.dll
0x00007ff90fb00000 - 0x00007ff90fb0b000 	C:\Windows\SYSTEM32\CRYPTBASE.dll
0x00007ff90be80000 - 0x00007ff90be96000 	C:\Windows\SYSTEM32\dhcpcsvc6.DLL
0x00007ff90b310000 - 0x00007ff90b32a000 	C:\Windows\SYSTEM32\dhcpcsvc.DLL

VM Arguments:
jvm_args: -Dfile.encoding=UTF-8 
java_command: com.company.enroller.App
java_class_path (initial): C:\Users\Student16\Desktop\enroller-fullstack\target\classes;C:\Users\Student16\.m2\repository\org\springframework\boot\spring-boot-starter-web\2.0.0.RELEASE\spring-boot-starter-web-2.0.0.RELEASE.jar;C:\Users\Student16\.m2\repository\org\springframework\boot\spring-boot-starter\2.0.0.RELEASE\spring-boot-starter-2.0.0.RELEASE.jar;C:\Users\Student16\.m2\repository\org\springframework\boot\spring-boot-starter-logging\2.0.0.RELEASE\spring-boot-starter-logging-2.0.0.RELEASE.jar;C:\Users\Student16\.m2\repository\ch\qos\logback\logback-classic\1.2.3\logback-classic-1.2.3.jar;C:\Users\Student16\.m2\repository\ch\qos\logback\logback-core\1.2.3\logback-core-1.2.3.jar;C:\Users\Student16\.m2\repository\org\apache\logging\log4j\log4j-to-slf4j\2.10.0\log4j-to-slf4j-2.10.0.jar;C:\Users\Student16\.m2\repository\org\apache\logging\log4j\log4j-api\2.10.0\log4j-api-2.10.0.jar;C:\Users\Student16\.m2\repository\org\slf4j\jul-to-slf4j\1.7.25\jul-to-slf4j-1.7.25.jar;C:\Users\Student16\.m2\repository\javax\annotation\javax.annotation-api\1.3.2\javax.annotation-api-1.3.2.jar;C:\Users\Student16\.m2\repository\org\yaml\snakeyaml\1.19\snakeyaml-1.19.jar;C:\Users\Student16\.m2\repository\org\springframework\boot\spring-boot-starter-json\2.0.0.RELEASE\spring-boot-starter-json-2.0.0.RELEASE.jar;C:\Users\Student16\.m2\repository\com\fasterxml\jackson\core\jackson-databind\2.9.4\jackson-databind-2.9.4.jar;C:\Users\Student16\.m2\repository\com\fasterxml\jackson\core\jackson-annotations\2.9.0\jackson-annotations-2.9.0.jar;C:\Users\Student16\.m2\repository\com\fasterxml\jackson\core\jackson-core\2.9.4\jackson-core-2.9.4.jar;C:\Users\Student16\.m2\repository\com\fasterxml\jackson\datatype\jackson-datatype-jdk8\2.9.4\jackson-datatype-jdk8-2.9.4.jar;C:\Users\Student16\.m2\repository\com\fasterxml\jackson\datatype\jackson-datatype-jsr310\2.9.4\jackson-datatype-jsr310-2.9.4.jar;C:\Users\Student16\.m2\repository\com\fasterxml\jackson\module\jackson-module-parameter-names\2.9.4\j
Launcher Type: SUN_STANDARD

Environment Variables:
JAVA_HOME=C:\Program Files\Java\jre-9.0.1
PATH=C:/Program Files/Java/jre1.8.0_121/bin/server;C:/Program Files/Java/jre1.8.0_121/bin;C:/Program Files/Java/jre1.8.0_121/lib/amd64;C:\Program Files\Python37\Scripts\;C:\Program Files\Python37\;C:\Windows;C:\Windows\system32;C:\Windows\System32\Wbem;C:\Windows\System32\WindowsPowerShell\v1.0\;C:\ProgramData\Oracle\Java\javapath;C:\xampp\php;C:\ProgramData\ComposerSetup\bin;C:\Program Files (x86)\Yarn\bin;C:\xampp\mysql\bin;C:\Program Files\PostgreSQL\10\bin;C:\apache-maven\bin;C:\gradle\bin;C:\Program Files\Java\jdk-9.0.1\bin;C:\Program Files\Java\jre-9.0.1\bin;C:\Program Files\Git\cmd;C:\Program Files\Git\mingw64\bin;C:\Program Files\Git\usr\bin;C:\Program Files\Microsoft VS Code\bin;C:\Program Files\Common Files\ThinPrint\;C:\npm;C:\Program Files\nodejs\;C:\eclipse\eclipse-java-2019-03-R-win32-x86_64\eclipse;
USERNAME=Student16
OS=Windows_NT
PROCESSOR_IDENTIFIER=Intel64 Family 6 Model 44 Stepping 2, GenuineIntel



---------------  S Y S T E M  ---------------

OS: Windows 10.0 , 64 bit Build 10586 (10.0.10586.0)

CPU:total 2 (1 cores per cpu, 1 threads per core) family 6 model 44 stepping 2, cmov, cx8, fxsr, mmx, sse, sse2, sse3, ssse3, sse4.1, sse4.2, popcnt, aes, clmul, tsc, tscinvbit, tscinv

Memory: 4k page, physical 4193844k(720708k free), swap 4717836k(5264k free)

vm_info: Java HotSpot(TM) 64-Bit Server VM (25.121-b13) for windows-amd64 JRE (1.8.0_121-b13), built on Dec 12 2016 18:21:36 by "java_re" with MS VC++ 10.0 (VS2010)

time: Sun Apr 28 11:23:00 2019
elapsed time: 32 seconds (0d 0h 0m 32s)

